logs/modal_run.txt
val_bpb:enabled tokenizer_kind=sentencepiece tokenizer_path=./data/tokenizers/fineweb_1024_bpe.model
train_loader:dataset:fineweb10B_sp1024 train_shards:80
val_loader:shards pattern=./data/datasets/fineweb10B_sp1024/fineweb_val_*.bin tokens:62021632
model_params:17055288
world_size:8 grad_accum_steps:1
sdp_backends:cudnn=False flash=True mem_efficient=False math=False
attention_mode:gqa num_heads:8 num_kv_heads:4
tie_embeddings:True embed_lr:0.01 head_lr:0.0 matrix_lr:0.03 scalar_lr:0.04
train_batch_tokens:524288 train_seq_len:4096 iterations:20000 warmup_steps:20 max_wallclock_seconds:600.000
seed:1337
warmup_step:1/20
warmup_step:2/20
warmup_step:3/20
warmup_step:4/20
warmup_step:5/20
warmup_step:6/20
warmup_step:7/20
warmup_step:8/20
warmup_step:9/20
warmup_step:10/20
warmup_step:11/20
warmup_step:12/20
warmup_step:13/20
warmup_step:14/20
warmup_step:15/20
warmup_step:16/20
warmup_step:17/20
warmup_step:18/20
warmup_step:19/20
warmup_step:20/20
step:0/20000 val_loss:6.9355 val_bpb:4.1076 train_time:0ms step_avg:0.03ms
step:1/20000 train_loss:6.9368 train_time:24ms step_avg:23.60ms
step:2/20000 train_loss:6.2178 train_time:87ms step_avg:43.34ms
step:3/20000 train_loss:5.7091 train_time:148ms step_avg:49.42ms
step:4/20000 train_loss:5.5750 train_time:208ms step_avg:51.92ms
step:5/20000 train_loss:5.4248 train_time:261ms step_avg:52.21ms
step:6/20000 train_loss:5.5387 train_time:317ms step_avg:52.75ms
step:7/20000 train_loss:5.2025 train_time:373ms step_avg:53.26ms
step:8/20000 train_loss:5.0726 train_time:429ms step_avg:53.59ms
step:9/20000 train_loss:4.9433 train_time:484ms step_avg:53.79ms
step:10/20000 train_loss:4.9218 train_time:542ms step_avg:54.23ms
step:200/20000 train_loss:2.7184 train_time:11416ms step_avg:57.08ms
step:400/20000 train_loss:2.2542 train_time:22917ms step_avg:57.29ms
step:600/20000 train_loss:2.4661 train_time:34419ms step_avg:57.36ms
step:800/20000 train_loss:2.2135 train_time:45911ms step_avg:57.39ms
step:1000/20000 train_loss:2.3041 train_time:57431ms step_avg:57.43ms
step:1000/20000 val_loss:2.2645 val_bpb:1.3412 train_time:57469ms step_avg:57.47ms
step:1200/20000 train_loss:2.3353 train_time:69199ms step_avg:57.67ms
step:1400/20000 train_loss:2.3499 train_time:80688ms step_avg:57.63ms
step:1600/20000 train_loss:2.0208 train_time:92208ms step_avg:57.63ms
step:1800/20000 train_loss:2.1426 train_time:103705ms step_avg:57.61ms
step:2000/20000 train_loss:2.1965 train_time:115225ms step_avg:57.61ms
step:2000/20000 val_loss:2.1725 val_bpb:1.2867 train_time:115264ms step_avg:57.63ms
step:2200/20000 train_loss:2.0045 train_time:126740ms step_avg:57.61ms
step:2400/20000 train_loss:2.1469 train_time:138250ms step_avg:57.60ms
step:2600/20000 train_loss:2.3613 train_time:149752ms step_avg:57.60ms
step:2800/20000 train_loss:2.1846 train_time:161227ms step_avg:57.58ms
step:3000/20000 train_loss:2.1742 train_time:172732ms step_avg:57.58ms
step:3000/20000 val_loss:2.1332 val_bpb:1.2634 train_time:172772ms step_avg:57.59ms
step:3200/20000 train_loss:2.1315 train_time:184210ms step_avg:57.57ms
step:3400/20000 train_loss:2.1042 train_time:195710ms step_avg:57.56ms
step:3600/20000 train_loss:2.0413 train_time:207309ms step_avg:57.59ms
step:3800/20000 train_loss:2.1628 train_time:218771ms step_avg:57.57ms
step:4000/20000 train_loss:2.1104 train_time:230351ms step_avg:57.59ms
step:4000/20000 val_loss:2.1091 val_bpb:1.2491 train_time:230389ms step_avg:57.60ms
step:4200/20000 train_loss:2.1084 train_time:241990ms step_avg:57.62ms
step:4400/20000 train_loss:2.0378 train_time:253476ms step_avg:57.61ms
step:4600/20000 train_loss:1.9167 train_time:264982ms step_avg:57.60ms
step:4800/20000 train_loss:2.2044 train_time:276459ms step_avg:57.60ms
step:5000/20000 train_loss:1.9523 train_time:287929ms step_avg:57.59ms
step:5000/20000 val_loss:2.0930 val_bpb:1.2396 train_time:287966ms step_avg:57.59ms
step:5200/20000 train_loss:2.1155 train_time:299414ms step_avg:57.58ms
step:5400/20000 train_loss:2.1341 train_time:310884ms step_avg:57.57ms
step:5600/20000 train_loss:2.1275 train_time:322349ms step_avg:57.56ms
step:5800/20000 train_loss:2.0781 train_time:333805ms step_avg:57.55ms
step:6000/20000 train_loss:2.1561 train_time:345274ms step_avg:57.55ms
step:6000/20000 val_loss:2.0828 val_bpb:1.2335 train_time:345312ms step_avg:57.55ms
step:6200/20000 train_loss:2.0332 train_time:356778ms step_avg:57.54ms
step:6400/20000 train_loss:2.1092 train_time:368348ms step_avg:57.55ms
step:6600/20000 train_loss:2.0650 train_time:379852ms step_avg:57.55ms
step:6800/20000 train_loss:2.1238 train_time:391367ms step_avg:57.55ms
step:7000/20000 train_loss:2.1750 train_time:402832ms step_avg:57.55ms
step:7000/20000 val_loss:2.0723 val_bpb:1.2273 train_time:402874ms step_avg:57.55ms
step:7200/20000 train_loss:2.1464 train_time:414329ms step_avg:57.55ms
step:7400/20000 train_loss:2.0663 train_time:425842ms step_avg:57.55ms
step:7600/20000 train_loss:1.9502 train_time:437305ms step_avg:57.54ms
step:7800/20000 train_loss:2.0825 train_time:448782ms step_avg:57.54ms
step:8000/20000 train_loss:2.0540 train_time:460304ms step_avg:57.54ms
step:8000/20000 val_loss:2.0554 val_bpb:1.2173 train_time:460343ms step_avg:57.54ms
step:8200/20000 train_loss:2.1291 train_time:471770ms step_avg:57.53ms
step:8400/20000 train_loss:2.0624 train_time:483376ms step_avg:57.54ms
step:8600/20000 train_loss:2.0753 train_time:494817ms step_avg:57.54ms
step:8800/20000 train_loss:2.0261 train_time:506298ms step_avg:57.53ms
step:9000/20000 train_loss:1.9410 train_time:517995ms step_avg:57.56ms
step:9000/20000 val_loss:2.0364 val_bpb:1.2061 train_time:518038ms step_avg:57.56ms
step:9200/20000 train_loss:2.0104 train_time:529511ms step_avg:57.56ms
step:9400/20000 train_loss:2.0480 train_time:541053ms step_avg:57.56ms
step:9600/20000 train_loss:2.0638 train_time:552569ms step_avg:57.56ms
step:9800/20000 train_loss:1.9700 train_time:564087ms step_avg:57.56ms
step:10000/20000 train_loss:2.0267 train_time:575581ms step_avg:57.56ms
step:10000/20000 val_loss:2.0182 val_bpb:1.1953 train_time:575621ms step_avg:57.56ms
step:10200/20000 train_loss:1.9850 train_time:587110ms step_avg:57.56ms
step:10400/20000 train_loss:2.0055 train_time:598629ms step_avg:57.56ms
step:10424/20000 val_loss:2.0130 val_bpb:1.1922 train_time:600021ms step_avg:57.56ms
stopping_early: wallclock_cap train_time:600021ms step:10424/20000
peak memory allocated: 8903 MiB reserved: 9040 MiB
Serialized model: 67199299 bytes
Code size: 47914 bytes
Total submission size: 67247213 bytes
Serialized model int8+zlib: 15718197 bytes (payload:17155296 raw_torch:17190489 payload_ratio:3.92x)
Total submission size int8+zlib: 15766111 bytes
final_int8_zlib_roundtrip val_loss:2.0148 val_bpb:1.1933 eval_time:1773ms
final_int8_zlib_roundtrip_exact val_loss:2.01477452 val_bpb:1.19326296
