✓ Initialized. View run at 
https://modal.com/apps/sentra/main/ap-GQjP80dKjoQMTCSKpKhmAf
✓ Created objects.
├── 🔨 Created mount /Users/sonia/Documents/GitHub/parameter-golf/modal_train.py
├── 🔨 Created mount train_gpt.py
└── 🔨 Created function train.
launching 8xh100 training...
logs/modal_run.txt
val_bpb:enabled tokenizer_kind=sentencepiece tokenizer_path=./data/tokenizers/fineweb_1024_bpe.model
train_loader:dataset:fineweb10B_sp1024 train_shards:80
val_loader:shards pattern=./data/datasets/fineweb10B_sp1024/fineweb_val_*.bin tokens:62021632
model_params:26993756
mtp_num_heads:0 mtp_loss_weight:0.2 mtp_params:0
XSA:last_4 active_layers:[7, 8, 9, 10]
world_size:8 grad_accum_steps:1
sdp_backends:cudnn=False flash=True mem_efficient=False math=False
attention_mode:gqa num_heads:8 num_kv_heads:4
tie_embeddings:True embed_lr:0.035 head_lr:0.0 matrix_lr:0.025 scalar_lr:0.025
train_batch_tokens:786432 train_seq_len:1024 iterations:20000 warmup_steps:20 max_wallclock_seconds:600.000
seed:1337
warmup_step:1/20
warmup_step:2/20
warmup_step:3/20
warmup_step:4/20
warmup_step:5/20
warmup_step:6/20
warmup_step:7/20
warmup_step:8/20
warmup_step:9/20
warmup_step:10/20
warmup_step:11/20
warmup_step:12/20
warmup_step:13/20
warmup_step:14/20
warmup_step:15/20
warmup_step:16/20
warmup_step:17/20
warmup_step:18/20
warmup_step:19/20
warmup_step:20/20
step:0/20000 val_loss:6.9279 val_bpb:4.1031 train_time:0ms step_avg:0.02ms
step:1/20000 train_loss:6.9299 train_time:238ms step_avg:237.95ms
step:2/20000 train_loss:8.5664 train_time:324ms step_avg:161.77ms
step:3/20000 train_loss:7.9078 train_time:413ms step_avg:137.55ms
step:4/20000 train_loss:7.1092 train_time:498ms step_avg:124.61ms
step:5/20000 train_loss:7.0114 train_time:584ms step_avg:116.77ms
step:6/20000 train_loss:6.9844 train_time:670ms step_avg:111.65ms
step:7/20000 train_loss:6.8801 train_time:759ms step_avg:108.37ms
step:8/20000 train_loss:6.8448 train_time:846ms step_avg:105.69ms
step:9/20000 train_loss:6.4812 train_time:931ms step_avg:103.49ms
step:10/20000 train_loss:6.1362 train_time:1021ms step_avg:102.10ms
step:500/20000 train_loss:2.4309 train_time:43681ms step_avg:87.36ms
step:1000/20000 train_loss:2.3001 train_time:87352ms step_avg:87.35ms
step:1500/20000 train_loss:2.2490 train_time:131130ms step_avg:87.42ms
step:2000/20000 train_loss:2.0981 train_time:174896ms step_avg:87.45ms
step:2500/20000 train_loss:2.2002 train_time:218607ms step_avg:87.44ms
step:3000/20000 train_loss:2.1888 train_time:262268ms step_avg:87.42ms
step:3500/20000 train_loss:2.2135 train_time:305958ms step_avg:87.42ms
step:4000/20000 train_loss:1.9986 train_time:349600ms step_avg:87.40ms
step:4000/20000 val_loss:2.0933 val_bpb:1.2398 train_time:349606ms step_avg:87.40ms
step:4500/20000 train_loss:2.1453 train_time:393273ms step_avg:87.39ms
step:5000/20000 train_loss:2.1351 train_time:436970ms step_avg:87.39ms
step:5500/20000 train_loss:2.0414 train_time:480670ms step_avg:87.39ms
step:6000/20000 train_loss:1.9771 train_time:524512ms step_avg:87.42ms
swa:start step:6200
late_qat:enabled step:6333 scale:0.1498
step:6500/20000 train_loss:2.1043 train_time:569146ms step_avg:87.56ms
step:6849/20000 val_loss:1.9642 val_bpb:1.1633 train_time:600078ms step_avg:87.62ms
stopping_early: wallclock_cap train_time:600078ms step:6849/20000
peak memory allocated: 20671 MiB reserved: 20716 MiB
ema:applying EMA weights
DIAGNOSTIC post_ema val_loss:1.9625 val_bpb:1.1623 eval_time:1956ms
Serialized model: 106178569 bytes
Code size: 68213 bytes
Serialized model int6+zstd: 15513562 bytes
Total submission size int6+zstd: 15581775 bytes
Total submission size int8+zlib: 15581775 bytes
final_int6_roundtrip val_loss:1.9755 val_bpb:1.1700 eval_time:184915ms
final_int6_roundtrip_exact val_loss:1.97545930 val_bpb:1.16997827
final_int6_sliding_window val_loss:1.9147 val_bpb:1.1340 stride:64 eval_time:290938ms
final_int6_sliding_window_exact val_loss:1.91470330 val_bpb:1.13399660
final_int8_zlib_roundtrip_exact val_loss:1.91470330 val_bpb:1.13399660
training finished with exit code: 0
Stopping app - local entrypoint completed.
✓ App completed. View run at 
https://modal.com/apps/sentra/main/ap-GQjP80dKjoQMTCSKpKhmAf
