✓ Initialized. View run at 
https://modal.com/apps/sentra/main/ap-T7X9w2FzKZr6NeN6SWGM1V
✓ Created objects.
├── 🔨 Created mount /Users/sonia/Documents/GitHub/parameter-golf/modal_train.py
├── 🔨 Created mount train_gpt.py
└── 🔨 Created function train.
launching 8xh100 training...
logs/modal_run.txt
val_bpb:enabled tokenizer_kind=sentencepiece tokenizer_path=./data/tokenizers/fineweb_1024_bpe.model
train_loader:dataset:fineweb10B_sp1024 train_shards:80
val_loader:shards pattern=./data/datasets/fineweb10B_sp1024/fineweb_val_*.bin tokens:62021632
model_params:26993756
mtp_num_heads:0 mtp_loss_weight:0.2 mtp_params:0
XSA:last_4 active_layers:[7, 8, 9, 10]
world_size:8 grad_accum_steps:1
sdp_backends:cudnn=False flash=True mem_efficient=False math=False
attention_mode:gqa num_heads:8 num_kv_heads:4
tie_embeddings:True embed_lr:0.035 head_lr:0.0 matrix_lr:0.025 scalar_lr:0.025
train_batch_tokens:786432 train_seq_len:2048 iterations:20000 warmup_steps:20 max_wallclock_seconds:600.000
seed:42
warmup_step:1/20
warmup_step:2/20
warmup_step:3/20
warmup_step:4/20
warmup_step:5/20
warmup_step:6/20
warmup_step:7/20
warmup_step:8/20
warmup_step:9/20
warmup_step:10/20
warmup_step:11/20
warmup_step:12/20
warmup_step:13/20
warmup_step:14/20
warmup_step:15/20
warmup_step:16/20
warmup_step:17/20
warmup_step:18/20
warmup_step:19/20
warmup_step:20/20
step:0/20000 val_loss:6.9301 val_bpb:4.1044 train_time:0ms step_avg:0.02ms
step:1/20000 train_loss:6.9318 train_time:260ms step_avg:259.83ms
step:2/20000 train_loss:8.6431 train_time:357ms step_avg:178.27ms
step:3/20000 train_loss:7.9841 train_time:456ms step_avg:151.87ms
step:4/20000 train_loss:7.1033 train_time:554ms step_avg:138.42ms
step:5/20000 train_loss:7.0360 train_time:651ms step_avg:130.21ms
step:6/20000 train_loss:7.0350 train_time:748ms step_avg:124.72ms
step:7/20000 train_loss:6.8929 train_time:849ms step_avg:121.25ms
step:8/20000 train_loss:6.7882 train_time:948ms step_avg:118.46ms
step:9/20000 train_loss:6.4416 train_time:1049ms step_avg:116.54ms
step:10/20000 train_loss:6.1477 train_time:1150ms step_avg:115.02ms
step:500/20000 train_loss:2.4037 train_time:50491ms step_avg:100.98ms
step:1000/20000 train_loss:2.2749 train_time:101226ms step_avg:101.23ms
step:1500/20000 train_loss:2.2180 train_time:151716ms step_avg:101.14ms
step:2000/20000 train_loss:2.0600 train_time:202179ms step_avg:101.09ms
step:2500/20000 train_loss:2.1629 train_time:252659ms step_avg:101.06ms
step:3000/20000 train_loss:2.1433 train_time:303110ms step_avg:101.04ms
step:3500/20000 train_loss:2.1487 train_time:353615ms step_avg:101.03ms
step:4000/20000 train_loss:1.9404 train_time:404110ms step_avg:101.03ms
step:4000/20000 val_loss:2.0308 val_bpb:1.2027 train_time:404115ms step_avg:101.03ms
step:4500/20000 train_loss:2.0880 train_time:454544ms step_avg:101.01ms
step:5000/20000 train_loss:2.0624 train_time:505062ms step_avg:101.01ms
swa:start step:5250
late_qat:enabled step:5413 scale:0.1499
step:5500/20000 train_loss:1.9697 train_time:555829ms step_avg:101.06ms
step:5936/20000 val_loss:1.9354 val_bpb:1.1463 train_time:600045ms step_avg:101.09ms
stopping_early: wallclock_cap train_time:600045ms step:5936/20000
peak memory allocated: 20672 MiB reserved: 20718 MiB
ema:applying EMA weights
DIAGNOSTIC post_ema val_loss:1.9340 val_bpb:1.1454 eval_time:2245ms
Serialized model: 106178569 bytes
Code size: 68079 bytes
Serialized model int6+zstd: 15920152 bytes
Total submission size int6+zstd: 15988231 bytes
Total submission size int8+zlib: 15988231 bytes
final_int6_roundtrip val_loss:1.9481 val_bpb:1.1538 eval_time:195830ms
final_int6_roundtrip_exact val_loss:1.94812798 val_bpb:1.15379112
final_int6_sliding_window val_loss:1.9082 val_bpb:1.1301 stride:64 eval_time:329265ms
final_int6_sliding_window_exact val_loss:1.90815849 val_bpb:1.13012193
final_int8_zlib_roundtrip_exact val_loss:1.90815849 val_bpb:1.13012193
training finished with exit code: 0
Stopping app - local entrypoint completed.
Runner terminated.
✓ App completed. View run at 
https://modal.com/apps/sentra/main/ap-T7X9w2FzKZr6NeN6SWGM1V
